[global] analyzing framework.png (1672x941)
[global] 112 elements
  [refine] label_covariate try=1 residual was 0.6252
  [refine] text_narrow_ci try=1 residual was 0.6321
  [refine] text_inset_labels try=1 residual was 0.0
  [refine] box_failure_summary try=1 residual was 0.6696
  [refine] text_failure_title try=1 residual was 0.7492
  [refine] text_failure_1 try=1 residual was 0.8658
  [refine] text_failure_2 try=1 residual was 0.6799
  [refine] text_failure_3 try=1 residual was 0.8825
  [refine] text_coverage_title try=1 residual was 0.5687
  [refine] text_chart_labels_1 try=1 residual was 0.7354
  [refine] text_chart_labels_2 try=1 residual was 0.7493
  [refine] title_solution try=1 residual was 0.6456
  [refine] box_raw_tables try=1 residual was 0.5288
  [refine] text_raw_tables try=1 residual was 0.9141
  [refine] box_feature_eng try=1 residual was 0.5457
  [refine] text_feature_eng try=1 residual was 0.7171
  [refine] box_cate_est try=1 residual was 0.5477
  [refine] text_cate_est try=1 residual was 0.7056
  [refine] box_ci_est try=1 residual was 0.5186
  [refine] text_ci_est try=1 residual was 1.0522
  [refine] text_auditor_header try=1 residual was 0.8718
  [refine] badge_1 try=1 residual was 0.7237
  [refine] text_badge_1 try=1 residual was 0.5294
  [refine] text_step_1_title try=1 residual was 0.7107
  [refine] badge_2 try=1 residual was 0.6425
  [refine] text_step_2_title try=1 residual was 0.7385
  [refine] badge_3 try=1 residual was 0.7929
  [refine] text_badge_3 try=1 residual was 0.7367
  [refine] text_step_3_title try=1 residual was 0.9013
  [refine] badge_4 try=1 residual was 0.6733
  [refine] text_badge_4 try=1 residual was 0.5418
  [refine] text_step_4_title try=1 residual was 0.7547
  [refine] badge_5 try=1 residual was 0.5504
  [refine] text_step_5_title try=1 residual was 0.7266
  [refine] text_nuisance try=1 residual was 0.0
  [refine] box_benefit_1 try=1 residual was 0.6738
  [refine] text_benefit_1 try=1 residual was 0.5676
  [refine] box_benefit_2 try=1 residual was 0.6714
  [refine] text_benefit_2 try=1 residual was 0.5963
  [refine] box_benefit_3 try=1 residual was 0.7276
  [refine] text_benefit_3 try=1 residual was 0.0
  [refine] box_retain try=1 residual was 0.5764
  [refine] text_retain try=1 residual was 0.811
  [refine] text_retain_desc try=1 residual was 0.6392
  [refine] box_defer try=1 residual was 0.6526
  [refine] text_defer try=1 residual was 0.8514
  [refine] text_defer_desc try=1 residual was 0.924
  [refine] box_alert try=1 residual was 0.6199
  [refine] text_alert try=1 residual was 0.808
  [refine] text_alert_desc try=1 residual was 0.7655
  [refine] box_report try=1 residual was 0.6409
  [refine] text_report try=1 residual was 0.922
  [refine] text_report_desc try=1 residual was 0.9069
  [refine] text_footer try=1 residual was 1.2327
  [identify] [307, 590, 755, 821] FAILED (unsupported operand type(s) for +=: 'int' and 'str') — crop fallback
  [identify] +20 elements
[round 1] {"elements": 132, "native_count": 94, "demoted_count": 38, "native_fraction_count": 0.7121, "native_fraction_area": 0.5024, "mean_native_residual": 0.6185, "round": 1, "coverage": 0.752, "vlm_calls": 61}
  [refine] text_narrow_ci try=2 residual was 0.6586
  [refine] box_failure_summary try=2 residual was 0.6376
  [refine] text_failure_title try=2 residual was 1.1021
  [refine] text_failure_1 try=2 residual was 0.6146
  [refine] text_failure_2 try=2 residual was 0.704
  [refine] text_failure_3 try=2 residual was 0.6103
  [refine] text_chart_labels_1 try=2 residual was 1.0296
  [refine] text_chart_labels_2 try=2 residual was 0.5956
  [refine] title_solution try=2 residual was 0.7107
  [refine] text_pipeline_context try=1 residual was 0.5355
  [refine] box_raw_tables try=2 residual was 0.6077
  [refine] box_feature_eng try=2 residual was 0.6547
  [refine] text_feature_eng try=2 residual was 0.8877
  [refine] box_cate_est try=2 residual was 0.6346
  [refine] text_cate_est try=2 residual was 0.8751
  [refine] text_ci_est try=2 residual was 0.62
  [refine] badge_1 try=2 residual was 0.8706
  [refine] text_step_1_title try=2 residual was 0.7522
  [refine] badge_2 try=2 residual was 0.8135
  [refine] text_badge_2 try=1 residual was 0.6026
  [refine] text_step_2_title try=2 residual was 0.8044
  [refine] badge_3 try=2 residual was 0.834
  [refine] text_badge_3 try=2 residual was 0.9367
  [refine] text_step_3_title try=2 residual was 0.8005
  [refine] text_step_4_title try=2 residual was 0.7702
  [refine] badge_5 try=2 residual was 0.5176
  [refine] text_badge_5 try=1 residual was 0.7112
  [refine] text_step_5_title try=2 residual was 0.8472
  [refine] box_benefit_1 try=2 residual was 0.6633
  [refine] text_benefit_1 try=2 residual was 0.761
  [refine] text_benefit_2 try=2 residual was 0.6018
  [refine] box_retain try=2 residual was 0.5748
  [refine] text_retain try=2 residual was 0.9228
  [refine] box_defer try=2 residual was 0.6107
  [refine] text_defer try=2 residual was 0.9523
  [refine] text_defer_desc try=2 residual was 0.9632
  [refine] box_alert try=2 residual was 0.5821
  [refine] text_alert try=2 residual was 0.9769
  [refine] text_alert_desc try=2 residual was 0.7549
  [refine] box_report try=2 residual was 0.5934
  [refine] text_report try=2 residual was 0.6302
  [refine] text_report_desc try=2 residual was 0.7157
  [refine] text_footer try=2 residual was 1.1211
  [refine] element_1 try=1 residual was 0.7131
  [refine] element_6 try=1 residual was 0.6754
  [refine] 1 try=1 residual was 0.9658
  [refine] 2 try=1 residual was 0.5929
  [refine] 3 try=1 residual was 0.7549
  [refine] 4 try=1 residual was 0.4916
  [refine] 5 try=1 residual was 0.6863
  [refine] 6 try=1 residual was 0.6901
  [identify] [990, 678, 1115, 699] FAILED (unsupported operand type(s) for +=: 'int' and 'str') — crop fallback
  [identify] +10 elements
[round 2] {"elements": 142, "native_count": 102, "demoted_count": 40, "native_fraction_count": 0.7183, "native_fraction_area": 0.5142, "mean_native_residual": 0.5462, "round": 2, "coverage": 0.932, "vlm_calls": 118}
  [demote] box_failure_summary residual=0.0
  [demote] text_failure_title residual=0.0
  [demote] text_failure_1 residual=0.0
  [demote] text_failure_2 residual=0.0
  [demote] text_chart_labels_1 residual=0.0
  [demote] title_solution residual=0.0
  [demote] box_raw_tables residual=0.0
  [demote] box_feature_eng residual=0.0
  [demote] text_feature_eng residual=0.0
  [demote] box_cate_est residual=0.0
  [demote] text_cate_est residual=0.0
  [demote] text_ci_est residual=0.0
  [demote] text_step_1_title residual=0.0
  [demote] text_step_2_title residual=0.0
  [demote] badge_3 residual=0.0
  [demote] text_badge_3 residual=0.0
  [demote] text_step_3_title residual=0.0
  [demote] text_step_4_title residual=0.0
  [demote] text_step_5_title residual=0.0
  [demote] box_benefit_1 residual=0.0
  [demote] text_benefit_1 residual=0.0
  [demote] box_retain residual=0.0
  [demote] text_retain residual=0.0
  [demote] box_defer residual=0.0
  [demote] text_defer residual=0.0
  [demote] text_defer_desc residual=0.0
  [demote] box_alert residual=0.0
  [demote] text_alert residual=0.0
  [demote] text_alert_desc residual=0.0
  [demote] box_report residual=0.0
  [demote] text_report_desc residual=0.0
  [demote] text_footer residual=0.0
  [refine] element_1 try=2 residual was 0.6594
  [refine] element_6 try=2 residual was 0.7644
  [refine] 2 try=2 residual was 0.5175
  [refine] 3 try=2 residual was 0.9346
  [refine] 4 try=2 residual was 0.4985
  [refine] 5 try=2 residual was 0.5078
  [refine] 1x try=1 residual was 0.8475
  [refine] 2x try=1 residual was 0.8396
  [refine] 1xx try=1 residual was 0.7123
  [refine] 2xx try=1 residual was 0.9863
  [refine] 3x try=1 residual was 0.6459
  [refine] 5 try=1 residual was 0.7828
  [refine] 6 try=1 residual was 0.7142
  [refine] 7 try=1 residual was 0.7111
  [identify] [1126, 264, 1234, 286] FAILED (unsupported operand type(s) for +=: 'int' and 'str') — crop fallback
  [identify] +38 elements
[round 3] {"elements": 180, "native_count": 101, "demoted_count": 79, "native_fraction_count": 0.5611, "native_fraction_area": 0.3209, "mean_native_residual": 0.3348, "round": 3, "coverage": 0.956, "vlm_calls": 138}
  [final-demote] badge_2 residual=0.0
  [final-demote] element_6 residual=0.0
  [final-demote] 2 residual=0.0
  [final-demote] 3 residual=0.0
  [final-demote] 4 residual=0.0
  [final-demote] 1x residual=0.0
  [final-demote] 2x residual=0.0
  [final-demote] 1xx residual=0.0
  [final-demote] 2xx residual=0.0
  [final-demote] 3x residual=0.0
  [final-demote] 5 residual=0.0
  [final-demote] 6 residual=0.0
  [final-demote] 7 residual=0.0
  [final-demote] element_6x residual=0.0
[done] {"elements": 180, "native_count": 87, "demoted_count": 93, "native_fraction_count": 0.4833, "native_fraction_area": 0.3067, "mean_native_residual": 0.1363, "round": "final", "coverage": 0.9674, "vlm_calls": 138}
✓ work/diagram2ppt/v2_out/diagram_v2.pptx  {"shapes": 77, "pictures": 93, "connectors": 10}
  metrics: {"elements": 180, "native_count": 87, "demoted_count": 93, "native_fraction_count": 0.4833, "native_fraction_area": 0.3067, "mean_native_residual": 0.1363, "round": "final", "coverage": 0.9674, "vlm_calls": 138}
