[global] analyzing framework.png (1672x941)
[global] 78 elements
  [refine] title_problem try=1 residual was 0.6848
  [refine] label_covariate try=1 residual was 0.7886
  [refine] box_failure_summary try=1 residual was 0.6877
  [refine] text_failure_title try=1 residual was 0.5764
  [refine] text_failure_1 try=1 residual was 0.6041
  [refine] text_failure_2 try=1 residual was 0.8603
  [refine] text_failure_3 try=1 residual was 0.8546
  [refine] text_coverage_title try=1 residual was 0.5619
  [refine] title_solution try=1 residual was 0.9455
  [refine] text_solution_sub try=1 residual was 0.8704
  [refine] text_pipeline_context try=1 residual was 0.8243
  [refine] box_raw_tables try=1 residual was 0.6067
  [refine] text_raw_tables try=1 residual was 0.8354
  [refine] box_feature_eng try=1 residual was 0.6894
  [refine] text_feature_eng try=1 residual was 0.8753
  [refine] box_cate_est try=1 residual was 0.6814
  [refine] text_cate_est try=1 residual was 0.8473
  [refine] box_ci_est try=1 residual was 0.5993
  [refine] text_ci_est try=1 residual was 0.7194
  [refine] text_auditor_header try=1 residual was 0.7419
  [refine] step_1_container try=1 residual was 0.4652
  [refine] step_1_num try=1 residual was 0.8198
  [refine] text_step_1 try=1 residual was 0.616
  [refine] step_2_container try=1 residual was 0.5031
  [refine] step_2_num try=1 residual was 0.8894
  [refine] text_step_2 try=1 residual was 0.7038
  [refine] step_3_container try=1 residual was 0.5051
  [refine] step_3_num try=1 residual was 0.8378
  [refine] text_step_3 try=1 residual was 0.704
  [refine] step_4_container try=1 residual was 0.4601
  [refine] step_4_num try=1 residual was 0.8371
  [refine] text_step_4 try=1 residual was 0.5943
  [refine] step_5_num try=1 residual was 0.7661
  [refine] text_step_5 try=1 residual was 0.543
  [refine] text_nuisance try=1 residual was 0.0
  [refine] text_benefit_2 try=1 residual was 0.6286
  [refine] text_benefit_3 try=1 residual was 0.5637
  [refine] box_retain try=1 residual was 0.6048
  [refine] text_retain try=1 residual was 0.0
  [refine] text_retain_desc try=1 residual was 0.6604
  [refine] box_defer try=1 residual was 0.656
  [refine] text_defer try=1 residual was 0.0
  [refine] text_defer_desc try=1 residual was 0.7351
  [refine] box_alert try=1 residual was 0.6247
  [refine] text_alert try=1 residual was 0.0
  [refine] text_alert_desc try=1 residual was 0.628
  [refine] box_report try=1 residual was 0.7363
  [refine] text_report try=1 residual was 0.0
  [refine] text_report_desc try=1 residual was 0.8924
  [refine] footer_text try=1 residual was 1.1222
  [identify] +7 elements
[round 1] {"elements": 85, "native_count": 68, "demoted_count": 17, "native_fraction_count": 0.8, "native_fraction_area": 0.5607, "mean_native_residual": 0.6418, "round": 1, "coverage": 0.7792, "vlm_calls": 57}
  [refine] label_covariate try=2 residual was 0.8315
  [refine] box_failure_summary try=2 residual was 0.5937
  [refine] text_failure_title try=2 residual was 0.6539
  [refine] text_failure_1 try=2 residual was 0.5889
  [refine] text_failure_2 try=2 residual was 1.1476
  [refine] text_failure_3 try=2 residual was 0.9093
  [refine] title_solution try=2 residual was 0.6184
  [refine] text_solution_sub try=2 residual was 0.7517
  [refine] text_pipeline_context try=2 residual was 0.5135
  [refine] box_raw_tables try=2 residual was 0.686
  [refine] text_raw_tables try=2 residual was 0.7514
  [refine] box_feature_eng try=2 residual was 0.7159
  [refine] text_feature_eng try=2 residual was 0.8596
  [refine] box_cate_est try=2 residual was 0.7908
  [refine] text_cate_est try=2 residual was 0.9463
  [refine] box_ci_est try=2 residual was 0.5984
  [refine] text_ci_est try=2 residual was 0.9532
  [refine] text_auditor_header try=2 residual was 0.8213
  [refine] step_1_num try=2 residual was 0.7749
  [refine] text_step_1 try=2 residual was 0.6715
  [refine] step_2_num try=2 residual was 0.9085
  [refine] text_step_2 try=2 residual was 0.6466
  [refine] step_3_num try=2 residual was 0.7671
  [refine] text_step_3 try=2 residual was 0.7127
  [refine] step_4_num try=2 residual was 0.7803
Traceback (most recent call last):
  File "<frozen runpy>", line 198, in _run_module_as_main
  File "<frozen runpy>", line 88, in _run_code
  File "/Users/lizeyan/Desktop/i2e/work/diagram2ppt/v2/run.py", line 50, in <module>
    main()
  File "/Users/lizeyan/Desktop/i2e/work/diagram2ppt/v2/run.py", line 37, in main
    ir = run_loop(args.image, VLMClient(), str(out),
         ^^^^^^^^^^^^^^^^^^^^^^^^^^^^^^^^^^^^^^^^^^^
  File "/Users/lizeyan/Desktop/i2e/work/diagram2ppt/v2/loop.py", line 97, in run_loop
    el["residual"] = diff_mod.element_residual(original, rendered, el["bbox"])
                     ^^^^^^^^^^^^^^^^^^^^^^^^^^^^^^^^^^^^^^^^^^^^^^^^^^^^^^^^^
  File "/Users/lizeyan/Desktop/i2e/work/diagram2ppt/v2/diff.py", line 54, in element_residual
    score = ssim(a, b, data_range=255.0)
            ^^^^^^^^^^^^^^^^^^^^^^^^^^^^
  File "/Users/lizeyan/anaconda3/lib/python3.11/site-packages/skimage/metrics/_structural_similarity.py", line 186, in structural_similarity
    raise ValueError(
ValueError: win_size exceeds image extent. Either ensure that your images are at least 7x7; or pass win_size explicitly in the function call, with an odd value less than or equal to the smaller side of your images. If your images are multichannel (with color channels), set channel_axis to the axis number corresponding to the channels.
