[AuditAgent] tool=bootstrap_blackboard
[Planner] planning reconstruction for work/diagram2ppt/v2_out/fw_1.5x.png
[decompose] CV structure seeds: +18 {'container': 3, 'shape': 15}
[Perception:VLMStructureAgent] pass 1: 0 boxes
[Perception:VLMStructureAgent] pass 2: 0 boxes
[Perception:VLMTextAgent] pass 1: 0 boxes
[Perception:OCRTextAgent] 80 usable OCR lines
[PerceptionBlackboard] fused 98 evidence -> 97 entities {'container': 3, 'shape': 14, 'formula': 6, 'text': 74}
[Planner] perception blackboard: evidence=98 entities=97 sources={'cv_geometry': 18, 'ocr_text': 80}
[Planner] structure memory: +36 cached non-text boxes (17 → 53)
[Planner] strategy: regions=11 policy={'try_procedural_surfaces': True, 'try_component_motifs': True, 'try_pipeline_context': True, 'try_auditor_cards': True, 'try_failure_summary': True, 'try_q0_coverage': True, 'try_bottom_mini_surface': True, 'try_cross_panel_bridge': True, 'try_residual_replacement': False, 'max_base_candidates': 4, 'procedural_candidate_limit': 2, 'motif_candidate_limit': 2, 'residual_candidate_limit': 0}
[ContentOrchestrator] tasks=133 ok=133 failed=0 by_agent={'ShapeContentAgent': 37, 'TextContentAgent': 80, 'SurfaceContentAgent': 1, 'ChartContentAgent': 3, 'ConnectorContentAgent': 12}
[Planner] content tasks: tasks=133 ok=133 failed=0
[Planner] strategy refined: regions=8 policy={'try_procedural_surfaces': True, 'try_component_motifs': True, 'try_pipeline_context': True, 'try_auditor_cards': True, 'try_failure_summary': True, 'try_q0_coverage': True, 'try_bottom_mini_surface': True, 'try_cross_panel_bridge': True, 'try_residual_replacement': False, 'max_base_candidates': 4, 'procedural_candidate_limit': 2, 'motif_candidate_limit': 2, 'residual_candidate_limit': 0}
[candidate:current] [dedup] dropped 2 overlapping duplicate texts
[candidate:current] [junk] dropped 5 degenerate text fragments
[candidate:current] [postprocess] dropped 1 hollow grouping shape(s)
[candidate:current] [postprocess] separated 32 overlapping panel pair(s)
[candidate:current] [QualityGate] rejected_text=0 sanitized_text=0 traced_icons=0 traced_charts=0 traced_surfaces=2 component_motifs=0 split_text=0 styled_text=21 recovered_card_containers=0 normalized_formulas=2 dropped_formula_fragments=0 captions_added=0 captions_normalized=1 solution_subtitles_added=0 solution_subtitles_normalized=1 procedural_surfaces=0 procedural_axis_arrows=0 typography_styled=72 typography_slotted=4 typography_clamped=3
[candidate:current] [QualityGate] rejected_text=0 sanitized_text=0 traced_icons=0 traced_charts=0 traced_surfaces=0 component_motifs=0 split_text=0 styled_text=2 recovered_card_containers=0 normalized_formulas=0 dropped_formula_fragments=0 captions_added=0 captions_normalized=1 solution_subtitles_added=0 solution_subtitles_normalized=1 procedural_surfaces=0 procedural_axis_arrows=0 typography_styled=3 typography_slotted=4 typography_clamped=3
[Planner] candidate current: visual_delta=0.4981 critical=30 text=0.3699
[candidate:current_procedural] [dedup] dropped 2 overlapping duplicate texts
[candidate:current_procedural] [junk] dropped 5 degenerate text fragments
[candidate:current_procedural] [postprocess] dropped 1 hollow grouping shape(s)
[candidate:current_procedural] [postprocess] separated 32 overlapping panel pair(s)
[candidate:current_procedural] [QualityGate] rejected_text=0 sanitized_text=0 traced_icons=0 traced_charts=0 traced_surfaces=2 component_motifs=0 split_text=0 styled_text=21 recovered_card_containers=0 normalized_formulas=2 dropped_formula_fragments=0 captions_added=0 captions_normalized=1 solution_subtitles_added=0 solution_subtitles_normalized=1 procedural_surfaces=1 procedural_axis_arrows=3 typography_styled=72 typography_slotted=4 typography_clamped=3
[candidate:current_procedural] [Initializers] ProceduralSurfaceAgent initialized region_surface_0 changed=1
[candidate:current_procedural] [QualityGate] rejected_text=0 sanitized_text=0 traced_icons=0 traced_charts=0 traced_surfaces=0 component_motifs=0 split_text=0 styled_text=2 recovered_card_containers=0 normalized_formulas=0 dropped_formula_fragments=0 captions_added=0 captions_normalized=1 solution_subtitles_added=0 solution_subtitles_normalized=1 procedural_surfaces=0 procedural_axis_arrows=0 typography_styled=7 typography_slotted=4 typography_clamped=2
[Planner] candidate current_procedural: visual_delta=0.5223 critical=45 text=0.3333
[candidate:current_motif] [dedup] dropped 2 overlapping duplicate texts
[candidate:current_motif] [junk] dropped 5 degenerate text fragments
[candidate:current_motif] [postprocess] dropped 1 hollow grouping shape(s)
[candidate:current_motif] [postprocess] separated 32 overlapping panel pair(s)
[candidate:current_motif] [QualityGate] rejected_text=0 sanitized_text=0 traced_icons=0 traced_charts=0 traced_surfaces=2 component_motifs=23 split_text=0 styled_text=21 recovered_card_containers=0 normalized_formulas=2 dropped_formula_fragments=0 captions_added=0 captions_normalized=1 solution_subtitles_added=0 solution_subtitles_normalized=1 procedural_surfaces=0 procedural_axis_arrows=0 typography_styled=72 typography_slotted=4 typography_clamped=3
[candidate:current_motif] [Initializers] ActionCardAgent initialized region_action_cards changed=63
[candidate:current_motif] [Initializers] FailureSummaryAgent initialized failure_summary changed=17
[candidate:current_motif] [Initializers] ChartAgent initialized q0_coverage_charts changed=72
[candidate:current_motif] [Initializers] BottomMiniSurfaceAgent initialized bottom_mini_surface changed=23
[candidate:current_motif] [Initializers] PipelineContextAgent initialized region_pipeline_context changed=17
[candidate:current_motif] [Initializers] AuditorCardAgent initialized region_auditor_cards changed=101
[candidate:current_motif] [Initializers] CrossPanelBridgeAgent initialized region_cross_panel_bridge changed=1
[candidate:current_motif] [QualityGate] rejected_text=0 sanitized_text=0 traced_icons=0 traced_charts=0 traced_surfaces=0 component_motifs=0 split_text=0 styled_text=3 recovered_card_containers=0 normalized_formulas=0 dropped_formula_fragments=0 captions_added=1 captions_normalized=0 solution_subtitles_added=0 solution_subtitles_normalized=1 procedural_surfaces=0 procedural_axis_arrows=0 typography_styled=34 typography_slotted=19 typography_clamped=8
[Planner] candidate current_motif: visual_delta=0.5452 critical=71 text=0.4409
[candidate:current_procedural_motif] [dedup] dropped 2 overlapping duplicate texts
[candidate:current_procedural_motif] [junk] dropped 5 degenerate text fragments
[candidate:current_procedural_motif] [postprocess] dropped 1 hollow grouping shape(s)
[candidate:current_procedural_motif] [postprocess] separated 32 overlapping panel pair(s)
[candidate:current_procedural_motif] [QualityGate] rejected_text=0 sanitized_text=0 traced_icons=0 traced_charts=0 traced_surfaces=2 component_motifs=23 split_text=0 styled_text=21 recovered_card_containers=0 normalized_formulas=2 dropped_formula_fragments=0 captions_added=0 captions_normalized=1 solution_subtitles_added=0 solution_subtitles_normalized=1 procedural_surfaces=1 procedural_axis_arrows=3 typography_styled=72 typography_slotted=4 typography_clamped=3
[candidate:current_procedural_motif] [Initializers] ProceduralSurfaceAgent initialized region_surface_0 changed=15
[candidate:current_procedural_motif] [Initializers] ActionCardAgent initialized region_action_cards changed=63
[candidate:current_procedural_motif] [Initializers] FailureSummaryAgent initialized failure_summary changed=17
[candidate:current_procedural_motif] [Initializers] ChartAgent initialized q0_coverage_charts changed=67
[candidate:current_procedural_motif] [Initializers] BottomMiniSurfaceAgent initialized bottom_mini_surface changed=23
[candidate:current_procedural_motif] [Initializers] PipelineContextAgent initialized region_pipeline_context changed=17
[candidate:current_procedural_motif] [Initializers] AuditorCardAgent initialized region_auditor_cards changed=100
[candidate:current_procedural_motif] [Initializers] CrossPanelBridgeAgent initialized region_cross_panel_bridge changed=1
[candidate:current_procedural_motif] [QualityGate] rejected_text=0 sanitized_text=0 traced_icons=0 traced_charts=0 traced_surfaces=0 component_motifs=0 split_text=0 styled_text=3 recovered_card_containers=0 normalized_formulas=0 dropped_formula_fragments=0 captions_added=1 captions_normalized=0 solution_subtitles_added=0 solution_subtitles_normalized=1 procedural_surfaces=0 procedural_axis_arrows=0 typography_styled=42 typography_slotted=19 typography_clamped=7
[Planner] candidate current_procedural_motif: visual_delta=0.5694 critical=96 text=0.3868
[candidate:cache_04] [dedup] dropped 4 overlapping duplicate texts
[candidate:cache_04] [junk] dropped 17 degenerate text fragments
[candidate:cache_04] [postprocess] dropped 1 hollow grouping shape(s)
[candidate:cache_04] [postprocess] separated 15 overlapping panel pair(s)
[candidate:cache_04] [QualityGate] rejected_text=1 sanitized_text=0 traced_icons=0 traced_charts=0 traced_surfaces=2 component_motifs=0 split_text=0 styled_text=21 recovered_card_containers=0 normalized_formulas=2 dropped_formula_fragments=0 captions_added=0 captions_normalized=1 solution_subtitles_added=0 solution_subtitles_normalized=1 procedural_surfaces=0 procedural_axis_arrows=0 typography_styled=78 typography_slotted=4 typography_clamped=5
[candidate:cache_04] [QualityGate] rejected_text=0 sanitized_text=0 traced_icons=0 traced_charts=0 traced_surfaces=0 component_motifs=0 split_text=0 styled_text=2 recovered_card_containers=0 normalized_formulas=0 dropped_formula_fragments=0 captions_added=0 captions_normalized=1 solution_subtitles_added=0 solution_subtitles_normalized=1 procedural_surfaces=0 procedural_axis_arrows=0 typography_styled=3 typography_slotted=4 typography_clamped=5
[Planner] candidate cache_04: visual_delta=0.483 critical=19 text=0.3418
[candidate:cache_04_procedural] [dedup] dropped 4 overlapping duplicate texts
[candidate:cache_04_procedural] [junk] dropped 17 degenerate text fragments
[candidate:cache_04_procedural] [postprocess] dropped 1 hollow grouping shape(s)
[candidate:cache_04_procedural] [postprocess] separated 15 overlapping panel pair(s)
[candidate:cache_04_procedural] [QualityGate] rejected_text=1 sanitized_text=0 traced_icons=0 traced_charts=0 traced_surfaces=2 component_motifs=0 split_text=0 styled_text=21 recovered_card_containers=0 normalized_formulas=2 dropped_formula_fragments=0 captions_added=0 captions_normalized=1 solution_subtitles_added=0 solution_subtitles_normalized=1 procedural_surfaces=1 procedural_axis_arrows=3 typography_styled=78 typography_slotted=4 typography_clamped=5
[candidate:cache_04_procedural] [Initializers] ProceduralSurfaceAgent initialized region_surface_0 changed=1
[candidate:cache_04_procedural] [QualityGate] rejected_text=0 sanitized_text=0 traced_icons=0 traced_charts=0 traced_surfaces=0 component_motifs=0 split_text=0 styled_text=2 recovered_card_containers=0 normalized_formulas=0 dropped_formula_fragments=0 captions_added=0 captions_normalized=1 solution_subtitles_added=0 solution_subtitles_normalized=1 procedural_surfaces=0 procedural_axis_arrows=0 typography_styled=11 typography_slotted=4 typography_clamped=3
[Planner] candidate cache_04_procedural: visual_delta=0.5323 critical=42 text=0.2683
[candidate:cache_04_motif] [dedup] dropped 4 overlapping duplicate texts
[candidate:cache_04_motif] [junk] dropped 17 degenerate text fragments
[candidate:cache_04_motif] [postprocess] dropped 1 hollow grouping shape(s)
[candidate:cache_04_motif] [postprocess] separated 15 overlapping panel pair(s)
[candidate:cache_04_motif] [QualityGate] rejected_text=1 sanitized_text=0 traced_icons=0 traced_charts=0 traced_surfaces=2 component_motifs=19 split_text=0 styled_text=21 recovered_card_containers=0 normalized_formulas=2 dropped_formula_fragments=0 captions_added=0 captions_normalized=1 solution_subtitles_added=0 solution_subtitles_normalized=1 procedural_surfaces=0 procedural_axis_arrows=0 typography_styled=78 typography_slotted=4 typography_clamped=5
[candidate:cache_04_motif] [Initializers] ActionCardAgent initialized region_action_cards changed=63
[candidate:cache_04_motif] [Initializers] FailureSummaryAgent initialized failure_summary changed=18
[candidate:cache_04_motif] [Initializers] ChartAgent initialized q0_coverage_charts changed=75
[candidate:cache_04_motif] [Initializers] BottomMiniSurfaceAgent initialized bottom_mini_surface changed=20
[candidate:cache_04_motif] [Initializers] PipelineContextAgent initialized region_pipeline_context changed=16
[candidate:cache_04_motif] [Initializers] AuditorCardAgent initialized region_auditor_cards changed=92
[candidate:cache_04_motif] [Initializers] CrossPanelBridgeAgent initialized region_cross_panel_bridge changed=1
[candidate:cache_04_motif] [QualityGate] rejected_text=0 sanitized_text=0 traced_icons=0 traced_charts=0 traced_surfaces=1 component_motifs=0 split_text=0 styled_text=3 recovered_card_containers=0 normalized_formulas=0 dropped_formula_fragments=0 captions_added=1 captions_normalized=0 solution_subtitles_added=0 solution_subtitles_normalized=1 procedural_surfaces=0 procedural_axis_arrows=0 typography_styled=35 typography_slotted=19 typography_clamped=10
[Planner] candidate cache_04_motif: visual_delta=0.5341 critical=72 text=0.433
[candidate:cache_04_procedural_motif] [dedup] dropped 4 overlapping duplicate texts
[candidate:cache_04_procedural_motif] [junk] dropped 17 degenerate text fragments
[candidate:cache_04_procedural_motif] [postprocess] dropped 1 hollow grouping shape(s)
[candidate:cache_04_procedural_motif] [postprocess] separated 15 overlapping panel pair(s)
[candidate:cache_04_procedural_motif] [QualityGate] rejected_text=1 sanitized_text=0 traced_icons=0 traced_charts=0 traced_surfaces=2 component_motifs=19 split_text=0 styled_text=21 recovered_card_containers=0 normalized_formulas=2 dropped_formula_fragments=0 captions_added=0 captions_normalized=1 solution_subtitles_added=0 solution_subtitles_normalized=1 procedural_surfaces=1 procedural_axis_arrows=3 typography_styled=78 typography_slotted=4 typography_clamped=5
[candidate:cache_04_procedural_motif] [Initializers] ProceduralSurfaceAgent initialized region_surface_0 changed=1
[candidate:cache_04_procedural_motif] [Initializers] ActionCardAgent initialized region_action_cards changed=63
[candidate:cache_04_procedural_motif] [Initializers] FailureSummaryAgent initialized failure_summary changed=18
[candidate:cache_04_procedural_motif] [Initializers] ChartAgent initialized q0_coverage_charts changed=67
[candidate:cache_04_procedural_motif] [Initializers] BottomMiniSurfaceAgent initialized bottom_mini_surface changed=20
[candidate:cache_04_procedural_motif] [Initializers] PipelineContextAgent initialized region_pipeline_context changed=16
[candidate:cache_04_procedural_motif] [Initializers] AuditorCardAgent initialized region_auditor_cards changed=92
[candidate:cache_04_procedural_motif] [Initializers] CrossPanelBridgeAgent initialized region_cross_panel_bridge changed=1
[candidate:cache_04_procedural_motif] [QualityGate] rejected_text=0 sanitized_text=0 traced_icons=0 traced_charts=0 traced_surfaces=0 component_motifs=0 split_text=0 styled_text=3 recovered_card_containers=0 normalized_formulas=0 dropped_formula_fragments=0 captions_added=1 captions_normalized=0 solution_subtitles_added=0 solution_subtitles_normalized=1 procedural_surfaces=0 procedural_axis_arrows=0 typography_styled=43 typography_slotted=19 typography_clamped=8
[Planner] candidate cache_04_procedural_motif: visual_delta=0.5599 critical=93 text=0.367
[candidate:cache_01] [dedup] dropped 7 overlapping duplicate texts
[candidate:cache_01] [junk] dropped 11 degenerate text fragments
[candidate:cache_01] [postprocess] dropped 1 hollow grouping shape(s)
[candidate:cache_01] [postprocess] separated 33 overlapping panel pair(s)
