[AuditAgent] tool=bootstrap_blackboard
[Planner] planning reconstruction for test.png
[decompose] CV structure seeds: +26 {'chart': 2, 'container': 12, 'shape': 12}
[Perception:VLMStructureAgent] failed: RuntimeError: VLM call failed after 1 attempts: The read operation timed out
[Perception:VLMTextAgent] failed: RuntimeError: VLM call failed after 1 attempts: The read operation timed out
[Perception:OCRTextAgent] 7 usable OCR lines
[PerceptionBlackboard] fused 33 evidence -> 24 entities {'container': 4, 'chart': 2, 'shape': 11, 'text': 7}
[Planner] perception blackboard: evidence=33 entities=24 sources={'cv_geometry': 26, 'ocr_text': 7}
[Planner] structure memory: +41 cached non-text boxes (17 → 58)
[Planner] strategy: regions=11 policy={'try_procedural_surfaces': True, 'try_component_motifs': False, 'try_pipeline_context': True, 'try_auditor_cards': False, 'try_failure_summary': False, 'try_q0_coverage': False, 'try_bottom_mini_surface': False, 'try_cross_panel_bridge': True, 'try_residual_replacement': False, 'max_base_candidates': 4, 'procedural_candidate_limit': 2, 'motif_candidate_limit': 2, 'residual_candidate_limit': 0}
[ContentOrchestrator] tasks=65 ok=65 failed=0 by_agent={'ShapeContentAgent': 46, 'ChartContentAgent': 6, 'TextContentAgent': 7, 'SurfaceContentAgent': 6}
[Planner] content tasks: tasks=65 ok=65 failed=0
[Planner] strategy refined: regions=9 policy={'try_procedural_surfaces': True, 'try_component_motifs': False, 'try_pipeline_context': True, 'try_auditor_cards': False, 'try_failure_summary': False, 'try_q0_coverage': False, 'try_bottom_mini_surface': False, 'try_cross_panel_bridge': True, 'try_residual_replacement': False, 'max_base_candidates': 4, 'procedural_candidate_limit': 2, 'motif_candidate_limit': 2, 'residual_candidate_limit': 0}
[candidate:current] [junk] dropped 5 degenerate text fragments
[candidate:current] [postprocess] dropped 1 hollow grouping shape(s)
[candidate:current] [postprocess] separated 28 overlapping panel pair(s)
[candidate:current] [QualityGate] rejected_text=0 sanitized_text=0 traced_icons=0 traced_charts=4 traced_surfaces=5 component_motifs=0 split_text=0 styled_text=1 recovered_card_containers=0 normalized_formulas=0 dropped_formula_fragments=0 captions_added=1 captions_normalized=0 solution_subtitles_added=1 solution_subtitles_normalized=0 procedural_surfaces=0 procedural_axis_arrows=0 typography_styled=4 typography_slotted=2 typography_clamped=4
[candidate:current] [QualityGate] rejected_text=0 sanitized_text=0 traced_icons=0 traced_charts=0 traced_surfaces=0 component_motifs=0 split_text=0 styled_text=0 recovered_card_containers=0 normalized_formulas=0 dropped_formula_fragments=0 captions_added=0 captions_normalized=1 solution_subtitles_added=0 solution_subtitles_normalized=1 procedural_surfaces=0 procedural_axis_arrows=0 typography_styled=2 typography_slotted=2 typography_clamped=4
[Planner] candidate current: visual_delta=0.4261 critical=8 text=0.0
[candidate:current_procedural] [junk] dropped 5 degenerate text fragments
[candidate:current_procedural] [postprocess] dropped 1 hollow grouping shape(s)
[candidate:current_procedural] [postprocess] separated 28 overlapping panel pair(s)
[candidate:current_procedural] [QualityGate] rejected_text=0 sanitized_text=0 traced_icons=0 traced_charts=4 traced_surfaces=5 component_motifs=0 split_text=0 styled_text=1 recovered_card_containers=0 normalized_formulas=0 dropped_formula_fragments=0 captions_added=1 captions_normalized=0 solution_subtitles_added=1 solution_subtitles_normalized=0 procedural_surfaces=0 procedural_axis_arrows=0 typography_styled=4 typography_slotted=2 typography_clamped=4
[candidate:current_procedural] [Initializers] ProceduralSurfaceAgent initialized region_surface_5 changed=2
[candidate:current_procedural] [QualityGate] rejected_text=0 sanitized_text=0 traced_icons=0 traced_charts=0 traced_surfaces=0 component_motifs=0 split_text=0 styled_text=0 recovered_card_containers=0 normalized_formulas=0 dropped_formula_fragments=0 captions_added=0 captions_normalized=1 solution_subtitles_added=0 solution_subtitles_normalized=1 procedural_surfaces=0 procedural_axis_arrows=0 typography_styled=2 typography_slotted=2 typography_clamped=4
[Planner] candidate current_procedural: visual_delta=0.4342 critical=8 text=0.0
[candidate:cache_00] [junk] dropped 5 degenerate text fragments
[candidate:cache_00] [postprocess] dropped 2 hollow grouping shape(s)
[candidate:cache_00] [postprocess] separated 10 overlapping panel pair(s)
[candidate:cache_00] [QualityGate] rejected_text=0 sanitized_text=0 traced_icons=0 traced_charts=5 traced_surfaces=8 component_motifs=0 split_text=0 styled_text=1 recovered_card_containers=0 normalized_formulas=0 dropped_formula_fragments=0 captions_added=1 captions_normalized=0 solution_subtitles_added=1 solution_subtitles_normalized=0 procedural_surfaces=0 procedural_axis_arrows=0 typography_styled=4 typography_slotted=2 typography_clamped=4
[candidate:cache_00] [QualityGate] rejected_text=0 sanitized_text=0 traced_icons=0 traced_charts=0 traced_surfaces=0 component_motifs=0 split_text=0 styled_text=0 recovered_card_containers=0 normalized_formulas=0 dropped_formula_fragments=0 captions_added=0 captions_normalized=1 solution_subtitles_added=0 solution_subtitles_normalized=1 procedural_surfaces=0 procedural_axis_arrows=0 typography_styled=2 typography_slotted=2 typography_clamped=4
[Planner] candidate cache_00: visual_delta=0.374 critical=3 text=0.75
[candidate:cache_00_procedural] [junk] dropped 5 degenerate text fragments
[candidate:cache_00_procedural] [postprocess] dropped 2 hollow grouping shape(s)
[candidate:cache_00_procedural] [postprocess] separated 10 overlapping panel pair(s)
[candidate:cache_00_procedural] [QualityGate] rejected_text=0 sanitized_text=0 traced_icons=0 traced_charts=5 traced_surfaces=8 component_motifs=0 split_text=0 styled_text=1 recovered_card_containers=0 normalized_formulas=0 dropped_formula_fragments=0 captions_added=1 captions_normalized=0 solution_subtitles_added=1 solution_subtitles_normalized=0 procedural_surfaces=0 procedural_axis_arrows=0 typography_styled=4 typography_slotted=2 typography_clamped=4
[candidate:cache_00_procedural] [Initializers] ProceduralSurfaceAgent initialized region_surface_4 changed=1
[candidate:cache_00_procedural] [QualityGate] rejected_text=0 sanitized_text=0 traced_icons=0 traced_charts=0 traced_surfaces=0 component_motifs=0 split_text=0 styled_text=0 recovered_card_containers=0 normalized_formulas=0 dropped_formula_fragments=0 captions_added=0 captions_normalized=1 solution_subtitles_added=0 solution_subtitles_normalized=1 procedural_surfaces=0 procedural_axis_arrows=0 typography_styled=2 typography_slotted=2 typography_clamped=4
[Planner] candidate cache_00_procedural: visual_delta=0.3777 critical=2 text=0.75
[Planner] selected initial candidate cache_00_procedural by real render/verify
[AuditAgent] tool=render_verify_audit
[Planner] built work/diagram2ppt/v3_out_live_check/diagram_v3.pptx: {'shapes': 22, 'pictures': 0, 'connectors': 2, 'charts': 5, 'dots': 419, 'surfaces': 6, 'output_path': 'work/diagram2ppt/v3_out_live_check/diagram_v3.pptx', 'native': True}
[Planner] visual review unavailable: RuntimeError: VLM call failed after 1 attempts: The read operation timed out
[Planner] verification: {'elements': 38, 'native_count': 38, 'native_fraction_count': 1.0, 'native_fraction_area': 1.0, 'defect_count': 18, 'critical_defect_count': 2, 'visual_delta': 0.3777, 'coverage_explained': 1.0, 'coverage_missing_count': 0, 'text_accuracy': 0.75, 'connector_accuracy': 1.0, 'typography_role_fraction': 1.0, 'typography_overflow_count': 3, 'text_layout_mismatch_count': 2, 'text_layout_error': 0.5239, 'text_color_mismatch_count': 2, 'text_template_mismatch_count': 2, 'text_template_error': 0.2989}
[AuditAgent] tool=proposal_phase
[Planner] proposal task graph: tasks=11 regions=9
[ProposalPlanner] rejected task_visual_fallback_visual_00_region_chart_0: no candidate improved rendered verification
[ProposalPlanner] rejected task_visual_fallback_visual_01_region_chart_1: no candidate improved rendered verification
