Running SAM 3 (single call, all queries)…
Ultralytics 8.4.56 🚀 Python-3.10.15 torch-2.8.0 CPU (Apple M4)
WARNING ⚠️ imgsz=[1024] must be multiple of max stride 14, updating to [1036]
  raw detections: 48 (300s)
  after dedup: 38
    0.98  small green glass perfume bottle            365x665 at (144,1030)
    0.97  circular limited edition badge              231x231 at (987,230)
    0.94  small circular feature icon                 77x77 at (452,704)
    0.94  green dark ice cream tub                    776x837 at (493,966)
    0.92  small circular feature icon                 77x78 at (113,703)
    0.92  mint chocolate ice cream scoop              726x497 at (525,577)
    0.92  brand logo                                  448x213 at (659,1213)
    0.91  brand logo                                  249x117 at (461,76)
    0.91  small circular feature icon                 91x91 at (89,89)
    0.90  fresh green mint leaf                       195x184 at (633,1770)
    0.90  small circular feature icon                 77x77 at (285,704)
    0.90  fresh green mint leaf                       278x184 at (427,1685)
    0.89  small circular feature icon                 81x81 at (837,1651)
    0.87  fresh green mint leaf                       140x192 at (1033,811)
    0.84  fresh green mint leaf                       171x167 at (1075,1004)
    0.81  fresh green mint leaf                       215x329 at (1074,1818)
    0.76  brand logo                                  44x40 at (610,2108)
    0.71  fresh green mint leaf                       168x226 at (0,1601)
    0.69  transparent clear ice cube                  253x218 at (1036,1601)
    0.67  fresh green mint leaf                       114x176 at (26,941)
    0.67  transparent clear ice cube                  245x239 at (887,1751)
    0.59  transparent clear ice cube                  176x196 at (0,1406)
    0.55  fresh green mint leaf                       87x106 at (128,1051)
    0.52  fresh green mint leaf                       90x113 at (0,1072)
    0.51  fresh green mint leaf                       108x155 at (1164,843)
    0.51  fresh green mint leaf                       24x40 at (105,122)
    0.49  fresh green mint leaf                       26x47 at (139,115)
    0.48  transparent clear ice cube                  106x88 at (830,1874)
    0.44  fresh green mint leaf                       26x37 at (125,100)
    0.44  fresh green mint leaf                       255x357 at (1034,812)
    0.41  fresh green mint leaf                       118x145 at (50,1601)
    0.41  fresh green mint leaf                       88x67 at (1201,1551)
    0.41  fresh green mint leaf                       91x126 at (1198,926)
    0.40  transparent clear ice cube                  369x439 at (143,1256)
    0.39  transparent clear ice cube                  117x90 at (1116,1818)
    0.36  fresh green mint leaf                       38x99 at (1251,831)
    0.32  fresh green mint leaf                       139x113 at (4,1601)
    0.31  fresh green mint leaf                       214x281 at (0,941)
  OCR: 22 text lines
  amodal completion (LaMa) per object...
  amodal-completed 31 layers
  IR -> /Users/lizeyan/Desktop/i2e/work/poster/poster.ir.json {'background': 1, 'raster': 38, 'text': 22}
