  VLM listed 20 element types in 5s
    - ice cream scoop
    - mint leaf
    - ice cube
    - glass bottle
    - green liquid
    - ice cream cup
    - circular badge
    - text block
    - logo
    - brand name
    - product label
    - feature icon
    - smoke effect
    - leaf pattern
    - text overlay
    - bottle label
    - capsule
    - decorative trim
    - background texture
    - ice shard
/Users/lizeyan/anaconda3/envs/science_agent/lib/python3.10/site-packages/transformers/models/grounding_dino/processing_grounding_dino.py:98: FutureWarning: The key `labels` is will return integer ids in `GroundingDinoProcessor.post_process_grounded_object_detection` output since v4.51.0. Use `text_labels` instead to retrieve string object names.
  warnings.warn(self.message, FutureWarning)
  GroundingDINO: 15 detections in 19s
  after dedup: 11
  OCR: 22 text lines
  IR -> /Users/lizeyan/Desktop/i2e/work/poster/poster.ir.json {'background': 1, 'raster': 11, 'text': 22}
